<?xml version="1.0" encoding="UTF-8"?>
<!-- Generated by org.testng.reporters.JUnitReportReporter -->
<testsuite hostname="FVFJ11G9Q6LR" failures="0" tests="1" name="Base.BaseClass" time="80.299" errors="0" timestamp="2023-05-09T12:28:25 IST" skipped="0">
  <testcase classname="Base.BaseClass" name="Start" time="80.299"/>
  <system-out/>
</testsuite> <!-- Base.BaseClass -->
