<?xml version="1.0" encoding="UTF-8"?>
<!-- Generated by org.testng.reporters.JUnitReportReporter -->
<testsuite hostname="FVFJ11G9Q6LR" failures="0" tests="1" name="Tests.SiteAutomate" time="98.161" errors="0" timestamp="2023-05-09T15:09:18 IST" skipped="0">
  <testcase classname="Tests.SiteAutomate" name="ST1" time="98.161"/>
  <system-out/>
</testsuite> <!-- Tests.SiteAutomate -->
